<?xml version="1.0" encoding="UTF-8"?>
<!-- Generated by org.testng.reporters.JUnitXMLReporter -->
<testsuite hostname="DESKTOP-8BIQ62C" failures="0" tests="4" name="Default test" time="73.559" errors="0" timestamp="24 May 2022 05:47:03 GMT">
  <testcase classname="TestRunner.Test001" name="Tc1" time="7.153"/>
  <testcase classname="TestRunner.Test001" name="Tc2" time="5.039"/>
  <testcase classname="TestRunner.Test001" name="Tc3" time="4.805"/>
  <testcase classname="TestRunner.Test001" name="Tc4" time="4.498"/>
</testsuite> <!-- Default test -->
