<?xml version="1.0" encoding="UTF-8"?>
<!-- Generated by org.testng.reporters.JUnitXMLReporter -->
<testsuite hostname="DESKTOP-8BIQ62C" failures="0" tests="4" name="Test" time="33.844" errors="0" timestamp="26 May 2022 05:16:57 GMT">
  <testcase classname="TestRunner.DataProviders" name="Tc1" time="9.801"/>
  <testcase classname="TestRunner.DataProviders" name="Tc1" time="6.84"/>
  <testcase classname="TestRunner.DataProviders" name="Tc1" time="6.965"/>
  <testcase classname="TestRunner.DataProviders" name="Tc1" time="6.838"/>
</testsuite> <!-- Test -->
