<?xml version="1.0" encoding="UTF-8"?>
<!-- Generated by org.testng.reporters.JUnitXMLReporter -->
<testsuite hostname="DESKTOP-8BIQ62C" failures="0" tests="4" name="Test2 IE browser" time="12.252" errors="0" timestamp="27 May 2022 04:59:17 GMT">
  <testcase classname="TestRunner.Test001" name="@BeforeMethod TestCaseStartedTime" time="0.0">
    <failure type="org.openqa.selenium.WebDriverException" message="chrome not reachable
  (Session info: chrome=102.0.5005.61)
Build info: version: &amp;apos;3.14.0&amp;apos;, revision: &amp;apos;aacccce0&amp;apos;, time: &amp;apos;2018-08-02T20:19:58.91Z&amp;apos;
System info: host: &amp;apos;DESKTOP-8BIQ62C&amp;apos;, ip: &amp;apos;192.168.0.8&amp;apos;, os.name: &amp;apos;Windows 10&amp;apos;, os.arch: &amp;apos;amd64&amp;apos;, os.version: &amp;apos;10.0&amp;apos;, java.version: &amp;apos;18.0.1.1&amp;apos;
Driver info: org.openqa.selenium.chrome.ChromeDriver
Capabilities {acceptInsecureCerts: false, browserName: chrome, browserVersion: 102.0.5005.61, chrome: {chromedriverVersion: 101.0.4951.41 (93c720db8323..., userDataDir: C:\Users\SVC\AppData\Local\...}, goog:chromeOptions: {debuggerAddress: localhost:51529}, javascriptEnabled: true, networkConnectionEnabled: false, pageLoadStrategy: normal, platform: WINDOWS, platformName: WINDOWS, proxy: Proxy(), setWindowRect: true, strictFileInteractability: false, timeouts: {implicit: 0, pageLoad: 300000, script: 30000}, unhandledPromptBehavior: dismiss and notify, webauthn:extension:credBlob: true, webauthn:extension:largeBlob: true, webauthn:virtualAuthenticators: true}
Session ID: 83c040c8183a74c1e52576857449c2a5">
      <![CDATA[org.openqa.selenium.WebDriverException: chrome not reachable
  (Session info: chrome=102.0.5005.61)
Build info: version: '3.14.0', revision: 'aacccce0', time: '2018-08-02T20:19:58.91Z'
System info: host: 'DESKTOP-8BIQ62C', ip: '192.168.0.8', os.name: 'Windows 10', os.arch: 'amd64', os.version: '10.0', java.version: '18.0.1.1'
Driver info: org.openqa.selenium.chrome.ChromeDriver
Capabilities {acceptInsecureCerts: false, browserName: chrome, browserVersion: 102.0.5005.61, chrome: {chromedriverVersion: 101.0.4951.41 (93c720db8323..., userDataDir: C:\Users\SVC\AppData\Local\...}, goog:chromeOptions: {debuggerAddress: localhost:51529}, javascriptEnabled: true, networkConnectionEnabled: false, pageLoadStrategy: normal, platform: WINDOWS, platformName: WINDOWS, proxy: Proxy(), setWindowRect: true, strictFileInteractability: false, timeouts: {implicit: 0, pageLoad: 300000, script: 30000}, unhandledPromptBehavior: dismiss and notify, webauthn:extension:credBlob: true, webauthn:extension:largeBlob: true, webauthn:virtualAuthenticators: true}
Session ID: 83c040c8183a74c1e52576857449c2a5
	at org.openqa.selenium.remote.http.W3CHttpResponseCodec.createException(W3CHttpResponseCodec.java:187)
	at org.openqa.selenium.remote.http.W3CHttpResponseCodec.decode(W3CHttpResponseCodec.java:122)
	at org.openqa.selenium.remote.http.W3CHttpResponseCodec.decode(W3CHttpResponseCodec.java:49)
	at org.openqa.selenium.remote.HttpCommandExecutor.execute(HttpCommandExecutor.java:158)
	at org.openqa.selenium.remote.service.DriverCommandExecutor.execute(DriverCommandExecutor.java:83)
	at org.openqa.selenium.remote.RemoteWebDriver.execute(RemoteWebDriver.java:548)
	at org.openqa.selenium.remote.RemoteWebDriver.get(RemoteWebDriver.java:276)
	at org.openqa.selenium.remote.RemoteWebDriver$RemoteNavigation.to(RemoteWebDriver.java:853)
	at TestRunner.Test001.TestCaseStartedTime(Test001.java:50)
... Removed 27 stack frames]]>
    </failure>
  </testcase> <!-- @BeforeMethod TestCaseStartedTime -->
  <testcase classname="TestRunner.Test001" name="@AfterMethod TestCaseEndedTime" time="0.0">
    <skipped/>
  </testcase> <!-- @AfterMethod TestCaseEndedTime -->
  <testcase classname="TestRunner.Test001" name="@BeforeMethod TestCaseStartedTime" time="0.0">
    <skipped/>
  </testcase> <!-- @BeforeMethod TestCaseStartedTime -->
  <testcase classname="TestRunner.Test001" name="@AfterMethod TestCaseEndedTime" time="0.0">
    <skipped/>
  </testcase> <!-- @AfterMethod TestCaseEndedTime -->
  <testcase classname="TestRunner.Test001" name="@BeforeMethod TestCaseStartedTime" time="0.0">
    <skipped/>
  </testcase> <!-- @BeforeMethod TestCaseStartedTime -->
  <testcase classname="TestRunner.Test001" name="@AfterMethod TestCaseEndedTime" time="0.0">
    <skipped/>
  </testcase> <!-- @AfterMethod TestCaseEndedTime -->
  <testcase classname="TestRunner.Test001" name="@BeforeMethod TestCaseStartedTime" time="0.0">
    <skipped/>
  </testcase> <!-- @BeforeMethod TestCaseStartedTime -->
  <testcase classname="TestRunner.Test001" name="@AfterMethod TestCaseEndedTime" time="0.0">
    <skipped/>
  </testcase> <!-- @AfterMethod TestCaseEndedTime -->
  <testcase classname="TestRunner.Test001" name="Tc1" time="0.002">
    <skipped/>
  </testcase> <!-- Tc1 -->
  <testcase classname="TestRunner.Test001" name="Tc2" time="0.007">
    <skipped/>
  </testcase> <!-- Tc2 -->
  <testcase classname="TestRunner.Test001" name="Tc3" time="0.004">
    <skipped/>
  </testcase> <!-- Tc3 -->
  <testcase classname="TestRunner.Test001" name="Tc4" time="0.005">
    <skipped/>
  </testcase> <!-- Tc4 -->
</testsuite> <!-- Test2 IE browser -->
