<?xml version="1.0" encoding="UTF-8"?>
<testng-results total="2" passed="2" failed="0" skipped="0">
  <reporter-output>
  </reporter-output>
  <suite started-at="2022-06-01T10:23:53Z" name="Suite" finished-at="2022-06-01T10:24:15Z" duration-ms="22134">
    <groups>
    </groups>
    <test started-at="2022-06-01T10:23:53Z" name="Test" finished-at="2022-06-01T10:24:15Z" duration-ms="22134">
      <class name="TestRunner.Test0011">
        <test-method is-config="true" signature="SuiteStarted()[pri:0, instance:TestRunner.Test0011@5824a83d]" started-at="2022-06-01T10:23:53Z" name="SuiteStarted" finished-at="2022-06-01T10:23:53Z" duration-ms="25" status="PASS">
        </test-method>
        <test-method is-config="true" signature="LunchBrowser(java.lang.String)[pri:0, instance:TestRunner.Test0011@5824a83d]" started-at="2022-06-01T10:23:54Z" name="LunchBrowser" finished-at="2022-06-01T10:23:57Z" duration-ms="3740" status="PASS">
          <params>
            <param index="0">
              <value>
                <![CDATA[chrome]]>
              </value>
            </param>
          </params>
        </test-method>
        <test-method signature="ValidateUrl()[pri:1, instance:TestRunner.Test0011@5824a83d]" started-at="2022-06-01T10:23:57Z" name="ValidateUrl" finished-at="2022-06-01T10:24:15Z" duration-ms="17481" status="PASS">
        </test-method>
        <test-method signature="SearchBikeProductAndvalidateUrl()[pri:2, instance:TestRunner.Test0011@5824a83d]" started-at="2022-06-01T10:24:15Z" name="SearchBikeProductAndvalidateUrl" finished-at="2022-06-01T10:24:15Z" duration-ms="403" status="PASS">
        </test-method>
        <test-method is-config="true" signature="SuitedFinished()[pri:0, instance:TestRunner.Test0011@5824a83d]" started-at="2022-06-01T10:24:17Z" name="SuitedFinished" finished-at="2022-06-01T10:24:18Z" duration-ms="1173" status="PASS">
        </test-method>
      </class>
    </test>
  </suite>
</testng-results>
